2025-04-29 10:11:49,442 INFO: 服务器正在启动，监听 0.0.0.0:8000 [in e:\CodeRepository\voicepipeline\server.py:322]
2025-04-29 10:11:49,444 INFO: 使用系统分配的默认GPU [in e:\CodeRepository\voicepipeline\server.py:327]
2025-04-29 10:11:49,444 INFO: 转发已启用，目标: http://localhost:20252/api/v1/ai-terminal [in e:\CodeRepository\voicepipeline\server.py:332]
2025-04-29 10:27:51,718 INFO: 服务器正在启动，监听 0.0.0.0:8000 [in e:\CodeRepository\voicepipeline\server.py:385]
2025-04-29 10:27:51,720 INFO: 使用系统分配的默认GPU [in e:\CodeRepository\voicepipeline\server.py:390]
2025-04-29 10:27:51,721 INFO: 转发已启用，目标: http://localhost:20252/api/v1/ai-terminal [in e:\CodeRepository\voicepipeline\server.py:395]
2025-04-29 10:28:58,710 INFO: 文件已上传并保存为: e:\CodeRepository\voicepipeline\data\stt\audio\audio_20250429_102858_92fc556c_recording_20250429_102856.wav [in e:\CodeRepository\voicepipeline\server.py:322]
2025-04-29 10:28:58,711 ERROR: 处理请求出错: cannot access local variable 'FORWARD_ENABLED' where it is not associated with a value [in e:\CodeRepository\voicepipeline\server.py:344]
Traceback (most recent call last):
  File "e:\CodeRepository\voicepipeline\server.py", line 325, in speech_to_text
    original_forward_enabled = FORWARD_ENABLED
                               ^^^^^^^^^^^^^^^
UnboundLocalError: cannot access local variable 'FORWARD_ENABLED' where it is not associated with a value
2025-04-29 10:29:13,556 INFO: 文件已上传并保存为: e:\CodeRepository\voicepipeline\data\stt\audio\audio_20250429_102913_d2129449_recording_20250429_102911.wav [in e:\CodeRepository\voicepipeline\server.py:322]
2025-04-29 10:29:13,557 ERROR: 处理请求出错: cannot access local variable 'FORWARD_ENABLED' where it is not associated with a value [in e:\CodeRepository\voicepipeline\server.py:344]
Traceback (most recent call last):
  File "e:\CodeRepository\voicepipeline\server.py", line 325, in speech_to_text
    original_forward_enabled = FORWARD_ENABLED
                               ^^^^^^^^^^^^^^^
UnboundLocalError: cannot access local variable 'FORWARD_ENABLED' where it is not associated with a value
2025-04-29 10:35:33,173 INFO: 服务器正在启动，监听 0.0.0.0:8000 [in e:\CodeRepository\voicepipeline\server.py:390]
2025-04-29 10:35:33,174 INFO: 使用系统分配的默认GPU [in e:\CodeRepository\voicepipeline\server.py:395]
2025-04-29 10:35:33,175 INFO: 转发已启用，目标: http://localhost:20252/api/v1/ai-terminal [in e:\CodeRepository\voicepipeline\server.py:400]
2025-04-29 10:36:28,123 INFO: 文件已上传并保存为: e:\CodeRepository\voicepipeline\data\stt\audio\audio_20250429_103628_a05b5594_output_洪亮清晰男声_0.wav [in e:\CodeRepository\voicepipeline\server.py:327]
2025-04-29 10:36:28,124 INFO: 开始声纹识别: e:\CodeRepository\voicepipeline\data\stt\audio\audio_20250429_103628_a05b5594_output_洪亮清晰男声_0.wav [in e:\CodeRepository\voicepipeline\server.py:171]
2025-04-29 10:36:43,398 INFO: 声纹识别完成: True [in e:\CodeRepository\voicepipeline\server.py:174]
2025-04-29 10:36:43,399 INFO: 开始语音转文字: e:\CodeRepository\voicepipeline\data\stt\audio\audio_20250429_103628_a05b5594_output_洪亮清晰男声_0.wav [in e:\CodeRepository\voicepipeline\server.py:177]
2025-04-29 10:37:04,978 INFO: 语音转文字完成: 你好我是电信客服小研请为有什么可以帮您的... [in e:\CodeRepository\voicepipeline\server.py:206]
2025-04-29 10:37:04,999 INFO: 成功处理音频，返回结果 [in e:\CodeRepository\voicepipeline\server.py:342]
2025-04-29 10:37:56,312 INFO: 使用已保存的说话人特征: 洪亮清晰女声 [in e:\CodeRepository\voicepipeline\server.py:244]
2025-04-29 10:38:03,949 INFO: 音频已保存为 e:\CodeRepository\voicepipeline\data\tts\output\output_20250429_103756_b70d6c99.wav [in e:\CodeRepository\voicepipeline\server.py:273]
2025-04-29 10:39:08,001 INFO: 使用已保存的说话人特征: 慢速清晰男声 [in e:\CodeRepository\voicepipeline\server.py:244]
2025-04-29 10:39:12,828 INFO: 音频已保存为 e:\CodeRepository\voicepipeline\data\tts\output\output_20250429_103908_9d9248ca.wav [in e:\CodeRepository\voicepipeline\server.py:273]
2025-04-29 10:39:31,754 INFO: 使用已保存的说话人特征: 洪亮清晰男声 [in e:\CodeRepository\voicepipeline\server.py:244]
2025-04-29 10:39:36,512 INFO: 音频已保存为 e:\CodeRepository\voicepipeline\data\tts\output\output_20250429_103931_b5cafd80.wav [in e:\CodeRepository\voicepipeline\server.py:273]
2025-04-29 10:45:47,135 INFO: 使用已保存的说话人特征: 洪亮清晰男声 [in e:\CodeRepository\voicepipeline\server.py:244]
2025-04-29 10:45:51,875 INFO: 音频已保存为 e:\CodeRepository\voicepipeline\data\tts\output\output_20250429_104547_e49fe363.wav [in e:\CodeRepository\voicepipeline\server.py:273]
2025-04-29 10:46:04,695 INFO: 使用已保存的说话人特征: 洪亮清晰男声 [in e:\CodeRepository\voicepipeline\server.py:244]
2025-04-29 10:46:09,062 INFO: 音频已保存为 e:\CodeRepository\voicepipeline\data\tts\output\output_20250429_104604_346350ef.wav [in e:\CodeRepository\voicepipeline\server.py:273]
2025-04-29 10:50:43,762 INFO: 开始预加载模型... [in e:\CodeRepository\voicepipeline\server.py:105]
2025-04-29 10:50:43,763 INFO: 预加载语音转文字模型... [in e:\CodeRepository\voicepipeline\server.py:108]
2025-04-29 10:50:43,765 ERROR: 模型预加载失败: cannot import name 'load_model' from 'server_asr.voice_to_text.speech_to_text' (e:\CodeRepository\voicepipeline\server_asr\voice_to_text\speech_to_text.py) [in e:\CodeRepository\voicepipeline\server.py:127]
Traceback (most recent call last):
  File "e:\CodeRepository\voicepipeline\server.py", line 109, in <module>
    from server_asr.voice_to_text.speech_to_text import load_model
ImportError: cannot import name 'load_model' from 'server_asr.voice_to_text.speech_to_text' (e:\CodeRepository\voicepipeline\server_asr\voice_to_text\speech_to_text.py)
2025-04-29 10:53:24,842 INFO: 开始预加载模型... [in e:\CodeRepository\voicepipeline\server.py:105]
2025-04-29 10:53:24,843 INFO: 预加载语音转文字模型... [in e:\CodeRepository\voicepipeline\server.py:108]
2025-04-29 10:53:24,844 INFO: 语音转文字模型加载完成 [in e:\CodeRepository\voicepipeline\server.py:113]
2025-04-29 10:53:24,844 INFO: 预加载TTS模型... [in e:\CodeRepository\voicepipeline\server.py:116]
2025-04-29 10:53:29,545 INFO: TTS模型加载完成 [in e:\CodeRepository\voicepipeline\server.py:119]
2025-04-29 10:53:29,545 INFO: 预加载声纹识别模型... [in e:\CodeRepository\voicepipeline\server.py:122]
2025-04-29 10:53:29,546 INFO: 声纹识别模型加载完成 [in e:\CodeRepository\voicepipeline\server.py:126]
2025-04-29 10:53:29,547 INFO: 所有模型预加载完成 [in e:\CodeRepository\voicepipeline\server.py:128]
2025-04-29 10:53:29,608 INFO: 服务器正在启动，监听 0.0.0.0:8000 [in e:\CodeRepository\voicepipeline\server.py:415]
2025-04-29 10:53:29,609 INFO: 使用系统分配的默认GPU [in e:\CodeRepository\voicepipeline\server.py:420]
2025-04-29 10:53:29,610 INFO: 转发已启用，目标: http://localhost:20252/api/v1/ai-terminal [in e:\CodeRepository\voicepipeline\server.py:425]
2025-04-29 10:54:15,985 INFO: 使用已保存的说话人特征: 慢速清晰男声 [in e:\CodeRepository\voicepipeline\server.py:269]
2025-04-29 10:54:26,465 INFO: 音频已保存为 e:\CodeRepository\voicepipeline\data\tts\output\output_20250429_105415_36486cbb.wav [in e:\CodeRepository\voicepipeline\server.py:298]
2025-04-29 10:54:57,036 INFO: 文件已上传并保存为: e:\CodeRepository\voicepipeline\data\stt\audio\audio_20250429_105457_395ebcc9_generated_20250429_105426.wav [in e:\CodeRepository\voicepipeline\server.py:352]
2025-04-29 10:54:57,037 INFO: 开始声纹识别: e:\CodeRepository\voicepipeline\data\stt\audio\audio_20250429_105457_395ebcc9_generated_20250429_105426.wav [in e:\CodeRepository\voicepipeline\server.py:196]
2025-04-29 10:54:58,074 INFO: 声纹识别完成: True [in e:\CodeRepository\voicepipeline\server.py:199]
2025-04-29 10:54:58,075 INFO: 开始语音转文字: e:\CodeRepository\voicepipeline\data\stt\audio\audio_20250429_105457_395ebcc9_generated_20250429_105426.wav [in e:\CodeRepository\voicepipeline\server.py:202]
2025-04-29 10:55:01,005 INFO: 语音转文字完成: 因好我试电信客服小研考虑办一个中国电型的量子卡... [in e:\CodeRepository\voicepipeline\server.py:231]
2025-04-29 10:55:01,006 INFO: 成功处理音频，返回结果 [in e:\CodeRepository\voicepipeline\server.py:367]
2025-04-29 10:56:12,437 INFO: 文件已上传并保存为: e:\CodeRepository\voicepipeline\data\stt\audio\audio_20250429_105612_30fbdd6d_recording_20250429_105610.wav [in e:\CodeRepository\voicepipeline\server.py:352]
2025-04-29 10:56:12,438 INFO: 开始声纹识别: e:\CodeRepository\voicepipeline\data\stt\audio\audio_20250429_105612_30fbdd6d_recording_20250429_105610.wav [in e:\CodeRepository\voicepipeline\server.py:196]
2025-04-29 10:56:12,712 INFO: 声纹识别完成: True [in e:\CodeRepository\voicepipeline\server.py:199]
2025-04-29 10:56:12,712 INFO: 开始语音转文字: e:\CodeRepository\voicepipeline\data\stt\audio\audio_20250429_105612_30fbdd6d_recording_20250429_105610.wav [in e:\CodeRepository\voicepipeline\server.py:202]
2025-04-29 10:56:12,826 WARNING: 语音转文字结果为空: e:\CodeRepository\voicepipeline\data\stt\audio\audio_20250429_105612_30fbdd6d_recording_20250429_105610.wav [in e:\CodeRepository\voicepipeline\server.py:215]
2025-04-29 10:56:12,828 INFO: 音频未成功转录或处理失败，返回空结果 [in e:\CodeRepository\voicepipeline\server.py:370]
2025-04-29 10:56:31,825 INFO: 文件已上传并保存为: e:\CodeRepository\voicepipeline\data\stt\audio\audio_20250429_105631_28eafe77_output_20250429_104547_e49fe363.wav [in e:\CodeRepository\voicepipeline\server.py:352]
2025-04-29 10:56:31,826 INFO: 开始声纹识别: e:\CodeRepository\voicepipeline\data\stt\audio\audio_20250429_105631_28eafe77_output_20250429_104547_e49fe363.wav [in e:\CodeRepository\voicepipeline\server.py:196]
2025-04-29 10:56:32,059 INFO: 声纹识别完成: True [in e:\CodeRepository\voicepipeline\server.py:199]
2025-04-29 10:56:32,059 INFO: 开始语音转文字: e:\CodeRepository\voicepipeline\data\stt\audio\audio_20250429_105631_28eafe77_output_20250429_104547_e49fe363.wav [in e:\CodeRepository\voicepipeline\server.py:202]
2025-04-29 10:56:32,201 INFO: 语音转文字完成: 你好我是电性客服小研起问有什么可以帮您的... [in e:\CodeRepository\voicepipeline\server.py:231]
2025-04-29 10:56:32,202 INFO: 成功处理音频，返回结果 [in e:\CodeRepository\voicepipeline\server.py:367]
2025-04-29 11:00:10,340 INFO: 开始预加载模型... [in e:\CodeRepository\voicepipeline\server.py:110]
2025-04-29 11:00:10,341 INFO: 预加载语音转文字模型... [in e:\CodeRepository\voicepipeline\server.py:113]
2025-04-29 11:00:10,341 INFO: 语音转文字模型加载完成 [in e:\CodeRepository\voicepipeline\server.py:119]
2025-04-29 11:00:10,342 INFO: 预加载TTS模型... [in e:\CodeRepository\voicepipeline\server.py:122]
2025-04-29 11:00:14,547 INFO: TTS模型加载完成 [in e:\CodeRepository\voicepipeline\server.py:125]
2025-04-29 11:00:14,548 INFO: 预加载声纹识别模型... [in e:\CodeRepository\voicepipeline\server.py:128]
2025-04-29 11:00:14,549 INFO: 声纹识别模型加载完成 [in e:\CodeRepository\voicepipeline\server.py:133]
2025-04-29 11:00:14,549 INFO: 所有模型预加载完成 [in e:\CodeRepository\voicepipeline\server.py:135]
2025-04-29 11:00:14,602 INFO: 服务器正在启动，监听 0.0.0.0:8000 [in e:\CodeRepository\voicepipeline\server.py:422]
2025-04-29 11:00:14,602 INFO: 使用系统分配的默认GPU [in e:\CodeRepository\voicepipeline\server.py:427]
2025-04-29 11:00:14,603 INFO: 转发已启用，目标: http://localhost:20252/api/v1/ai-terminal [in e:\CodeRepository\voicepipeline\server.py:432]
2025-04-29 11:00:33,417 INFO: 文件已上传并保存为: e:\CodeRepository\voicepipeline\data\stt\audio\audio_20250429_110033_61d5afaa_output_20250429_103931_b5cafd80.wav [in e:\CodeRepository\voicepipeline\server.py:359]
2025-04-29 11:00:33,418 INFO: 开始声纹识别: e:\CodeRepository\voicepipeline\data\stt\audio\audio_20250429_110033_61d5afaa_output_20250429_103931_b5cafd80.wav [in e:\CodeRepository\voicepipeline\server.py:203]
2025-04-29 11:00:33,419 ERROR: 处理语音出错: verify_voice() got an unexpected keyword argument 'model' [in e:\CodeRepository\voicepipeline\server.py:254]
Traceback (most recent call last):
  File "e:\CodeRepository\voicepipeline\server.py", line 204, in process_voice
    voiceprint_result = verify_voice(audio_path, threshold=threshold, model=voice_model)
                        ^^^^^^^^^^^^^^^^^^^^^^^^^^^^^^^^^^^^^^^^^^^^^^^^^^^^^^^^^^^^^^^^
TypeError: verify_voice() got an unexpected keyword argument 'model'
2025-04-29 11:00:33,421 INFO: 音频未成功转录或处理失败，返回空结果 [in e:\CodeRepository\voicepipeline\server.py:377]
2025-04-29 11:02:10,991 INFO: 开始预加载模型... [in e:\CodeRepository\voicepipeline\server.py:110]
2025-04-29 11:02:10,992 INFO: 预加载语音转文字模型... [in e:\CodeRepository\voicepipeline\server.py:113]
2025-04-29 11:02:10,993 INFO: 语音转文字模型加载完成 [in e:\CodeRepository\voicepipeline\server.py:119]
2025-04-29 11:02:10,993 INFO: 预加载TTS模型... [in e:\CodeRepository\voicepipeline\server.py:122]
2025-04-29 11:02:15,300 INFO: TTS模型加载完成 [in e:\CodeRepository\voicepipeline\server.py:125]
2025-04-29 11:02:15,301 INFO: 预加载声纹识别模型... [in e:\CodeRepository\voicepipeline\server.py:128]
2025-04-29 11:02:15,302 INFO: 声纹识别模型加载完成 [in e:\CodeRepository\voicepipeline\server.py:133]
2025-04-29 11:02:15,302 INFO: 所有模型预加载完成 [in e:\CodeRepository\voicepipeline\server.py:135]
2025-04-29 11:02:15,357 INFO: 服务器正在启动，监听 0.0.0.0:8000 [in e:\CodeRepository\voicepipeline\server.py:422]
2025-04-29 11:02:15,357 INFO: 使用系统分配的默认GPU [in e:\CodeRepository\voicepipeline\server.py:427]
2025-04-29 11:02:15,358 INFO: 转发已启用，目标: http://localhost:20252/api/v1/ai-terminal [in e:\CodeRepository\voicepipeline\server.py:432]
2025-04-29 11:02:36,622 INFO: 文件已上传并保存为: e:\CodeRepository\voicepipeline\data\stt\audio\audio_20250429_110236_02fd8115_output_20250429_103931_b5cafd80.wav [in e:\CodeRepository\voicepipeline\server.py:359]
2025-04-29 11:02:36,624 INFO: 开始声纹识别: e:\CodeRepository\voicepipeline\data\stt\audio\audio_20250429_110236_02fd8115_output_20250429_103931_b5cafd80.wav [in e:\CodeRepository\voicepipeline\server.py:203]
2025-04-29 11:02:38,205 INFO: 声纹识别完成: False [in e:\CodeRepository\voicepipeline\server.py:206]
2025-04-29 11:02:38,206 INFO: 开始语音转文字: e:\CodeRepository\voicepipeline\data\stt\audio\audio_20250429_110236_02fd8115_output_20250429_103931_b5cafd80.wav [in e:\CodeRepository\voicepipeline\server.py:209]
2025-04-29 11:02:41,442 INFO: 语音转文字完成: 哈我是渐性客服小研请问有什么可以帮您的... [in e:\CodeRepository\voicepipeline\server.py:238]
2025-04-29 11:02:41,443 INFO: 成功处理音频，返回结果 [in e:\CodeRepository\voicepipeline\server.py:374]
2025-04-29 11:06:36,484 INFO: 开始预加载模型... [in e:\CodeRepository\voicepipeline\server.py:111]
2025-04-29 11:06:36,484 INFO: 预加载语音转文字模型... [in e:\CodeRepository\voicepipeline\server.py:114]
2025-04-29 11:06:37,533 INFO: 语音转文字模型加载完成 [in e:\CodeRepository\voicepipeline\server.py:116]
2025-04-29 11:06:37,534 INFO: 预加载TTS模型... [in e:\CodeRepository\voicepipeline\server.py:119]
2025-04-29 11:06:41,743 INFO: TTS模型加载完成 [in e:\CodeRepository\voicepipeline\server.py:122]
2025-04-29 11:06:41,744 INFO: 预加载声纹识别模型... [in e:\CodeRepository\voicepipeline\server.py:125]
2025-04-29 11:06:42,615 INFO: 声纹识别模型加载完成 [in e:\CodeRepository\voicepipeline\server.py:127]
2025-04-29 11:06:42,616 INFO: 所有模型预加载完成 [in e:\CodeRepository\voicepipeline\server.py:129]
2025-04-29 11:06:42,660 INFO: 服务器正在启动，监听 0.0.0.0:8000 [in e:\CodeRepository\voicepipeline\server.py:421]
2025-04-29 11:06:42,661 INFO: 使用系统分配的默认GPU [in e:\CodeRepository\voicepipeline\server.py:426]
2025-04-29 11:06:42,662 INFO: 转发已启用，目标: http://localhost:20252/api/v1/ai-terminal [in e:\CodeRepository\voicepipeline\server.py:431]
2025-04-29 11:06:52,608 INFO: 文件已上传并保存为: e:\CodeRepository\voicepipeline\data\stt\audio\audio_20250429_110652_f72dacd7_recording_20250429_105610.wav [in e:\CodeRepository\voicepipeline\server.py:358]
2025-04-29 11:06:52,609 INFO: 开始声纹识别: e:\CodeRepository\voicepipeline\data\stt\audio\audio_20250429_110652_f72dacd7_recording_20250429_105610.wav [in e:\CodeRepository\voicepipeline\server.py:197]
2025-04-29 11:06:52,982 INFO: 声纹识别完成: False [in e:\CodeRepository\voicepipeline\server.py:201]
2025-04-29 11:06:52,983 INFO: 开始语音转文字: e:\CodeRepository\voicepipeline\data\stt\audio\audio_20250429_110652_f72dacd7_recording_20250429_105610.wav [in e:\CodeRepository\voicepipeline\server.py:204]
2025-04-29 11:06:55,142 WARNING: 语音转文字结果为空: e:\CodeRepository\voicepipeline\data\stt\audio\audio_20250429_110652_f72dacd7_recording_20250429_105610.wav [in e:\CodeRepository\voicepipeline\server.py:221]
2025-04-29 11:06:55,143 INFO: 音频未成功转录或处理失败，返回空结果 [in e:\CodeRepository\voicepipeline\server.py:376]
2025-04-29 11:07:01,159 INFO: 文件已上传并保存为: e:\CodeRepository\voicepipeline\data\stt\audio\audio_20250429_110701_2fa3d676_generated_20250429_105426.wav [in e:\CodeRepository\voicepipeline\server.py:358]
2025-04-29 11:07:01,160 INFO: 开始声纹识别: e:\CodeRepository\voicepipeline\data\stt\audio\audio_20250429_110701_2fa3d676_generated_20250429_105426.wav [in e:\CodeRepository\voicepipeline\server.py:197]
2025-04-29 11:07:01,291 INFO: 声纹识别完成: False [in e:\CodeRepository\voicepipeline\server.py:201]
2025-04-29 11:07:01,292 INFO: 开始语音转文字: e:\CodeRepository\voicepipeline\data\stt\audio\audio_20250429_110701_2fa3d676_generated_20250429_105426.wav [in e:\CodeRepository\voicepipeline\server.py:204]
2025-04-29 11:07:01,437 INFO: 语音转文字完成: 因好我试电信客服小研考虑办一个中国电型的量子卡... [in e:\CodeRepository\voicepipeline\server.py:237]
2025-04-29 11:07:01,439 INFO: 成功处理音频，返回结果 [in e:\CodeRepository\voicepipeline\server.py:373]
2025-04-29 11:13:40,788 INFO: 服务器正在启动，监听 0.0.0.0:8000 [in e:\CodeRepository\voicepipeline\server.py:390]
2025-04-29 11:13:40,789 INFO: 使用系统分配的默认GPU [in e:\CodeRepository\voicepipeline\server.py:395]
2025-04-29 11:13:40,790 INFO: 转发已启用，目标: http://localhost:20252/api/v1/ai-terminal [in e:\CodeRepository\voicepipeline\server.py:400]
2025-04-29 11:13:40,790 INFO: 正在预加载语音识别模型... [in e:\CodeRepository\voicepipeline\server.py:405]
2025-04-29 11:13:41,670 INFO: 语音识别模型加载完成 [in e:\CodeRepository\voicepipeline\server.py:409]
2025-04-29 11:13:41,671 INFO: 正在预热TTS模型... [in e:\CodeRepository\voicepipeline\server.py:414]
2025-04-29 11:13:45,190 INFO: TTS模型预热完成 [in e:\CodeRepository\voicepipeline\server.py:433]
2025-04-29 11:13:55,575 INFO: 文件已上传并保存为: e:\CodeRepository\voicepipeline\data\stt\audio\audio_20250429_111355_af262c86_generated_20250429_105426.wav [in e:\CodeRepository\voicepipeline\server.py:327]
2025-04-29 11:13:55,576 INFO: 开始声纹识别: e:\CodeRepository\voicepipeline\data\stt\audio\audio_20250429_111355_af262c86_generated_20250429_105426.wav [in e:\CodeRepository\voicepipeline\server.py:171]
2025-04-29 11:13:56,746 INFO: 声纹识别完成: True [in e:\CodeRepository\voicepipeline\server.py:174]
2025-04-29 11:13:56,746 INFO: 开始语音转文字: e:\CodeRepository\voicepipeline\data\stt\audio\audio_20250429_111355_af262c86_generated_20250429_105426.wav [in e:\CodeRepository\voicepipeline\server.py:177]
2025-04-29 11:13:58,743 INFO: 语音转文字完成: 因好我试电信客服小研考虑办一个中国电型的量子卡... [in e:\CodeRepository\voicepipeline\server.py:206]
2025-04-29 11:13:58,744 INFO: 成功处理音频，返回结果 [in e:\CodeRepository\voicepipeline\server.py:342]
2025-04-29 11:14:11,921 INFO: 文件已上传并保存为: e:\CodeRepository\voicepipeline\data\stt\audio\audio_20250429_111411_cbaa1870_audio_20250429_105631_28eafe77_output_20250429_104547_e49fe363.wav [in e:\CodeRepository\voicepipeline\server.py:327]
2025-04-29 11:14:11,922 INFO: 开始声纹识别: e:\CodeRepository\voicepipeline\data\stt\audio\audio_20250429_111411_cbaa1870_audio_20250429_105631_28eafe77_output_20250429_104547_e49fe363.wav [in e:\CodeRepository\voicepipeline\server.py:171]
2025-04-29 11:14:12,013 INFO: 声纹识别完成: True [in e:\CodeRepository\voicepipeline\server.py:174]
2025-04-29 11:14:12,014 INFO: 开始语音转文字: e:\CodeRepository\voicepipeline\data\stt\audio\audio_20250429_111411_cbaa1870_audio_20250429_105631_28eafe77_output_20250429_104547_e49fe363.wav [in e:\CodeRepository\voicepipeline\server.py:177]
2025-04-29 11:14:12,152 INFO: 语音转文字完成: 你好我是电性客服小研起问有什么可以帮您的... [in e:\CodeRepository\voicepipeline\server.py:206]
2025-04-29 11:14:12,154 INFO: 成功处理音频，返回结果 [in e:\CodeRepository\voicepipeline\server.py:342]
2025-04-29 11:14:25,298 INFO: 使用已保存的说话人特征: 慢速清晰男声 [in e:\CodeRepository\voicepipeline\server.py:244]
2025-04-29 11:14:29,911 INFO: 音频已保存为 e:\CodeRepository\voicepipeline\data\tts\output\output_20250429_111425_05285a47.wav [in e:\CodeRepository\voicepipeline\server.py:273]
2025-04-29 11:26:04,938 INFO: 服务器正在启动，监听 0.0.0.0:8000 [in e:\CodeRepository\voicepipeline\server.py:390]
2025-04-29 11:26:04,939 INFO: 使用系统分配的默认GPU [in e:\CodeRepository\voicepipeline\server.py:395]
2025-04-29 11:26:04,940 INFO: 转发已启用，目标: http://localhost:20252/api/v1/ai-terminal [in e:\CodeRepository\voicepipeline\server.py:400]
2025-04-29 11:26:04,941 INFO: 正在预加载语音识别模型... [in e:\CodeRepository\voicepipeline\server.py:405]
2025-04-29 11:26:05,810 INFO: 语音识别模型加载完成 [in e:\CodeRepository\voicepipeline\server.py:409]
2025-04-29 11:26:05,811 INFO: 正在预热TTS模型... [in e:\CodeRepository\voicepipeline\server.py:414]
2025-04-29 11:26:09,217 INFO: TTS模型预热完成 [in e:\CodeRepository\voicepipeline\server.py:433]
2025-04-29 11:26:39,018 INFO: 文件已上传并保存为: e:\CodeRepository\voicepipeline\data\stt\audio\audio_20250429_112639_88ad50e2_audio_20250429_111411_cbaa1870_audio_20250429_105631_28eafe77_output_20250429_104547_e49fe363.wav [in e:\CodeRepository\voicepipeline\server.py:327]
2025-04-29 11:26:39,019 INFO: 开始声纹识别: e:\CodeRepository\voicepipeline\data\stt\audio\audio_20250429_112639_88ad50e2_audio_20250429_111411_cbaa1870_audio_20250429_105631_28eafe77_output_20250429_104547_e49fe363.wav [in e:\CodeRepository\voicepipeline\server.py:171]
2025-04-29 11:26:40,170 INFO: 声纹识别完成: True [in e:\CodeRepository\voicepipeline\server.py:174]
2025-04-29 11:26:40,171 INFO: 开始语音转文字: e:\CodeRepository\voicepipeline\data\stt\audio\audio_20250429_112639_88ad50e2_audio_20250429_111411_cbaa1870_audio_20250429_105631_28eafe77_output_20250429_104547_e49fe363.wav [in e:\CodeRepository\voicepipeline\server.py:177]
2025-04-29 11:26:42,114 INFO: 语音转文字完成: 你好我是电性客服小研起问有什么可以帮您的... [in e:\CodeRepository\voicepipeline\server.py:206]
2025-04-29 11:26:42,135 INFO: 成功处理音频，返回结果 [in e:\CodeRepository\voicepipeline\server.py:342]
2025-04-29 11:29:25,752 INFO: 服务器正在启动，监听 0.0.0.0:8000 [in e:\CodeRepository\voicepipeline\server.py:390]
2025-04-29 11:29:25,753 INFO: 使用系统分配的默认GPU [in e:\CodeRepository\voicepipeline\server.py:395]
2025-04-29 11:29:25,754 INFO: 转发已启用，目标: http://localhost:20252/api/v1/ai-terminal [in e:\CodeRepository\voicepipeline\server.py:400]
2025-04-29 11:29:25,755 INFO: 正在预加载语音识别模型... [in e:\CodeRepository\voicepipeline\server.py:405]
2025-04-29 11:29:26,791 INFO: 语音识别模型加载完成 [in e:\CodeRepository\voicepipeline\server.py:409]
2025-04-29 11:29:26,792 INFO: 正在预热TTS模型... [in e:\CodeRepository\voicepipeline\server.py:414]
2025-04-29 11:29:30,697 INFO: TTS模型预热完成 [in e:\CodeRepository\voicepipeline\server.py:433]
2025-04-29 11:30:09,863 INFO: 文件已上传并保存为: e:\CodeRepository\voicepipeline\data\stt\audio\audio_20250429_113009_6194c455_audio_20250429_110033_61d5afaa_output_20250429_103931_b5cafd80.wav [in e:\CodeRepository\voicepipeline\server.py:327]
2025-04-29 11:30:09,865 INFO: 开始声纹识别: e:\CodeRepository\voicepipeline\data\stt\audio\audio_20250429_113009_6194c455_audio_20250429_110033_61d5afaa_output_20250429_103931_b5cafd80.wav [in e:\CodeRepository\voicepipeline\server.py:171]
2025-04-29 11:30:11,096 INFO: 声纹识别完成: True [in e:\CodeRepository\voicepipeline\server.py:174]
2025-04-29 11:30:11,096 INFO: 开始语音转文字: e:\CodeRepository\voicepipeline\data\stt\audio\audio_20250429_113009_6194c455_audio_20250429_110033_61d5afaa_output_20250429_103931_b5cafd80.wav [in e:\CodeRepository\voicepipeline\server.py:177]
2025-04-29 11:30:13,118 INFO: 语音转文字完成: 哈我是渐性客服小研请问有什么可以帮您的... [in e:\CodeRepository\voicepipeline\server.py:206]
2025-04-29 11:30:13,120 INFO: 成功处理音频，返回结果 [in e:\CodeRepository\voicepipeline\server.py:342]
2025-04-29 11:31:43,126 INFO: 文件已上传并保存为: e:\CodeRepository\voicepipeline\data\stt\audio\audio_20250429_113143_4ee2f179_output_20250429_103908_9d9248ca.wav [in e:\CodeRepository\voicepipeline\server.py:327]
2025-04-29 11:31:43,127 INFO: 开始声纹识别: e:\CodeRepository\voicepipeline\data\stt\audio\audio_20250429_113143_4ee2f179_output_20250429_103908_9d9248ca.wav [in e:\CodeRepository\voicepipeline\server.py:171]
2025-04-29 11:31:43,383 INFO: 声纹识别完成: True [in e:\CodeRepository\voicepipeline\server.py:174]
2025-04-29 11:31:43,384 INFO: 开始语音转文字: e:\CodeRepository\voicepipeline\data\stt\audio\audio_20250429_113143_4ee2f179_output_20250429_103908_9d9248ca.wav [in e:\CodeRepository\voicepipeline\server.py:177]
2025-04-29 11:31:43,535 INFO: 语音转文字完成: 意好我是电性客服响音前问有什么可以帮宁的... [in e:\CodeRepository\voicepipeline\server.py:206]
2025-04-29 11:31:43,537 INFO: 成功处理音频，返回结果 [in e:\CodeRepository\voicepipeline\server.py:342]
2025-04-29 11:36:37,520 INFO: 服务器正在启动，监听 0.0.0.0:8000 [in e:\CodeRepository\voicepipeline\server.py:390]
2025-04-29 11:36:37,521 INFO: 使用系统分配的默认GPU [in e:\CodeRepository\voicepipeline\server.py:395]
2025-04-29 11:36:37,523 INFO: 转发已启用，目标: http://localhost:20252/api/v1/ai-terminal [in e:\CodeRepository\voicepipeline\server.py:400]
2025-04-29 11:36:37,524 INFO: 正在预加载语音识别模型... [in e:\CodeRepository\voicepipeline\server.py:405]
2025-04-29 11:36:38,399 INFO: 语音识别模型加载完成 [in e:\CodeRepository\voicepipeline\server.py:409]
2025-04-29 11:36:38,400 INFO: 正在预热TTS模型... [in e:\CodeRepository\voicepipeline\server.py:414]
2025-04-29 11:36:42,018 INFO: TTS模型预热完成 [in e:\CodeRepository\voicepipeline\server.py:433]
2025-04-29 11:37:32,883 INFO: 文件已上传并保存为: e:\CodeRepository\voicepipeline\data\stt\audio\audio_20250429_113732_a82dc411_output_20250429_104604_346350ef.wav [in e:\CodeRepository\voicepipeline\server.py:327]
2025-04-29 11:37:32,884 INFO: 开始声纹识别: e:\CodeRepository\voicepipeline\data\stt\audio\audio_20250429_113732_a82dc411_output_20250429_104604_346350ef.wav [in e:\CodeRepository\voicepipeline\server.py:171]
2025-04-29 11:37:33,998 INFO: 声纹识别完成: True [in e:\CodeRepository\voicepipeline\server.py:174]
2025-04-29 11:37:33,999 INFO: 开始语音转文字: e:\CodeRepository\voicepipeline\data\stt\audio\audio_20250429_113732_a82dc411_output_20250429_104604_346350ef.wav [in e:\CodeRepository\voicepipeline\server.py:177]
2025-04-29 11:37:35,859 INFO: 语音转文字完成: 接好我是电性客服响研你好我是可以之意的话... [in e:\CodeRepository\voicepipeline\server.py:206]
2025-04-29 11:37:35,861 INFO: 成功处理音频，返回结果 [in e:\CodeRepository\voicepipeline\server.py:342]
2025-04-29 11:38:31,556 INFO: 文件已上传并保存为: e:\CodeRepository\voicepipeline\data\stt\audio\audio_20250429_113831_ff126855_output_20250429_105415_36486cbb.wav [in e:\CodeRepository\voicepipeline\server.py:327]
2025-04-29 11:38:31,557 INFO: 开始声纹识别: e:\CodeRepository\voicepipeline\data\stt\audio\audio_20250429_113831_ff126855_output_20250429_105415_36486cbb.wav [in e:\CodeRepository\voicepipeline\server.py:171]
2025-04-29 11:38:31,748 INFO: 声纹识别完成: True [in e:\CodeRepository\voicepipeline\server.py:174]
2025-04-29 11:38:31,748 INFO: 开始语音转文字: e:\CodeRepository\voicepipeline\data\stt\audio\audio_20250429_113831_ff126855_output_20250429_105415_36486cbb.wav [in e:\CodeRepository\voicepipeline\server.py:177]
2025-04-29 11:38:31,917 INFO: 语音转文字完成: 因好我试电信客服小研考虑办一个中国电信的量子卡... [in e:\CodeRepository\voicepipeline\server.py:206]
2025-04-29 11:38:31,919 INFO: 成功处理音频，返回结果 [in e:\CodeRepository\voicepipeline\server.py:342]
2025-04-29 11:49:45,104 INFO: 服务器正在启动，监听 0.0.0.0:8000 [in e:\CodeRepository\voicepipeline\server.py:390]
2025-04-29 11:49:45,105 INFO: 使用系统分配的默认GPU [in e:\CodeRepository\voicepipeline\server.py:395]
2025-04-29 11:49:45,106 INFO: 转发已启用，目标: http://localhost:20252/api/v1/ai-terminal [in e:\CodeRepository\voicepipeline\server.py:400]
2025-04-29 11:49:45,107 INFO: 正在预加载语音识别模型... [in e:\CodeRepository\voicepipeline\server.py:405]
2025-04-29 11:49:46,030 INFO: 语音识别模型加载完成 [in e:\CodeRepository\voicepipeline\server.py:409]
2025-04-29 11:49:46,030 INFO: 正在预热TTS模型... [in e:\CodeRepository\voicepipeline\server.py:414]
2025-04-29 11:49:49,640 INFO: TTS模型预热完成 [in e:\CodeRepository\voicepipeline\server.py:433]
2025-04-29 11:49:53,644 INFO: 文件已上传并保存为: e:\CodeRepository\voicepipeline\data\stt\audio\audio_20250429_114953_9d706796_output_20250429_104604_346350ef.wav [in e:\CodeRepository\voicepipeline\server.py:327]
2025-04-29 11:49:53,645 INFO: 开始声纹识别: e:\CodeRepository\voicepipeline\data\stt\audio\audio_20250429_114953_9d706796_output_20250429_104604_346350ef.wav [in e:\CodeRepository\voicepipeline\server.py:171]
2025-04-29 11:49:54,663 INFO: 声纹识别完成: True [in e:\CodeRepository\voicepipeline\server.py:174]
2025-04-29 11:49:54,664 INFO: 开始语音转文字: e:\CodeRepository\voicepipeline\data\stt\audio\audio_20250429_114953_9d706796_output_20250429_104604_346350ef.wav [in e:\CodeRepository\voicepipeline\server.py:177]
2025-04-29 11:49:56,622 INFO: 语音转文字完成: 接好我是电性客服响研你好我是可以之意的话... [in e:\CodeRepository\voicepipeline\server.py:206]
2025-04-29 11:49:56,641 INFO: 成功处理音频，返回结果 [in e:\CodeRepository\voicepipeline\server.py:342]
2025-04-29 11:51:13,215 INFO: 服务器正在启动，监听 0.0.0.0:8000 [in e:\CodeRepository\voicepipeline\server.py:390]
2025-04-29 11:51:13,216 INFO: 使用系统分配的默认GPU [in e:\CodeRepository\voicepipeline\server.py:395]
2025-04-29 11:51:13,217 INFO: 转发已启用，目标: http://localhost:20252/api/v1/ai-terminal [in e:\CodeRepository\voicepipeline\server.py:400]
2025-04-29 11:51:13,217 INFO: 正在预加载语音识别模型... [in e:\CodeRepository\voicepipeline\server.py:405]
2025-04-29 11:51:14,113 INFO: 语音识别模型加载完成 [in e:\CodeRepository\voicepipeline\server.py:409]
2025-04-29 11:51:14,114 INFO: 正在预热TTS模型... [in e:\CodeRepository\voicepipeline\server.py:414]
2025-04-29 11:51:17,696 INFO: TTS模型预热完成 [in e:\CodeRepository\voicepipeline\server.py:433]
2025-04-29 11:51:23,707 INFO: 文件已上传并保存为: e:\CodeRepository\voicepipeline\data\stt\audio\audio_20250429_115123_1231df6a_output_20250429_104604_346350ef.wav [in e:\CodeRepository\voicepipeline\server.py:327]
2025-04-29 11:51:23,709 INFO: 开始声纹识别: e:\CodeRepository\voicepipeline\data\stt\audio\audio_20250429_115123_1231df6a_output_20250429_104604_346350ef.wav [in e:\CodeRepository\voicepipeline\server.py:171]
2025-04-29 11:51:24,709 INFO: 声纹识别完成: True [in e:\CodeRepository\voicepipeline\server.py:174]
2025-04-29 11:51:24,710 INFO: 开始语音转文字: e:\CodeRepository\voicepipeline\data\stt\audio\audio_20250429_115123_1231df6a_output_20250429_104604_346350ef.wav [in e:\CodeRepository\voicepipeline\server.py:177]
2025-04-29 11:51:26,787 INFO: 语音转文字完成: 接好我是电性客服响研你好我是可以之意的话... [in e:\CodeRepository\voicepipeline\server.py:206]
2025-04-29 11:51:26,788 INFO: 成功处理音频，返回结果 [in e:\CodeRepository\voicepipeline\server.py:342]
